c:\users\family\source\repos\rt\rt\x64\debug\vc143.pdb
c:\users\family\source\repos\rt\rt\x64\debug\vc143.idb
c:\users\family\source\repos\rt\rt\x64\debug\rwindowcontentitem.obj
c:\users\family\source\repos\rt\rt\x64\debug\rwindow.obj
c:\users\family\source\repos\rt\rt\x64\debug\rtextbox.obj
c:\users\family\source\repos\rt\rt\x64\debug\rlistbox.obj
c:\users\family\source\repos\rt\rt\x64\debug\rcheckbox.obj
c:\users\family\source\repos\rt\rt\x64\debug\rbutton.obj
c:\users\family\source\repos\rt\rt\x64\debug\main.obj
c:\users\family\source\repos\rt\x64\debug\rt.pdb
c:\users\family\source\repos\rt\rt\x64\debug\rt.tlog\cl.command.1.tlog
c:\users\family\source\repos\rt\rt\x64\debug\rt.tlog\cl.read.1.tlog
c:\users\family\source\repos\rt\rt\x64\debug\rt.tlog\cl.write.1.tlog
c:\users\family\source\repos\rt\rt\x64\debug\rt.tlog\link-cvtres.read.1.tlog
c:\users\family\source\repos\rt\rt\x64\debug\rt.tlog\link-cvtres.write.1.tlog
c:\users\family\source\repos\rt\rt\x64\debug\rt.tlog\link-rc.read.1.tlog
c:\users\family\source\repos\rt\rt\x64\debug\rt.tlog\link-rc.write.1.tlog
c:\users\family\source\repos\rt\rt\x64\debug\rt.tlog\link.command.1.tlog
c:\users\family\source\repos\rt\rt\x64\debug\rt.tlog\link.read.1.tlog
c:\users\family\source\repos\rt\rt\x64\debug\rt.tlog\link.read.2.tlog
c:\users\family\source\repos\rt\rt\x64\debug\rt.tlog\link.write.1.tlog
